[2016-12-21 10:24:52,602] [main] [INFO ] [OMSSimServer:45] - Requests from MTR : null
[2016-12-21 10:24:55,634] [main] [INFO ] [OMSSimServer:45] - Requests from MTR : null
[2016-12-21 10:24:58,704] [main] [INFO ] [OMSSimServer:45] - Requests from MTR : null
[2016-12-21 10:25:01,721] [main] [INFO ] [OMSSimServer:45] - Requests from MTR : null
[2016-12-21 10:25:04,775] [main] [INFO ] [OMSSimServer:45] - Requests from MTR : null
[2016-12-21 10:25:07,807] [main] [INFO ] [OMSSimServer:45] - Requests from MTR : null
[2016-12-21 10:25:10,877] [main] [INFO ] [OMSSimServer:45] - Requests from MTR : null
[2016-12-21 10:25:13,906] [main] [INFO ] [OMSSimServer:45] - Requests from MTR : null
[2016-12-21 10:25:16,939] [main] [INFO ] [OMSSimServer:45] - Requests from MTR : null
[2016-12-21 10:25:19,946] [main] [INFO ] [OMSSimServer:45] - Requests from MTR : null
[2016-12-21 10:25:23,016] [main] [INFO ] [OMSSimServer:45] - Requests from MTR : null
[2016-12-21 10:25:26,018] [main] [INFO ] [OMSSimServer:45] - Requests from MTR : null
[2016-12-21 10:25:29,035] [main] [INFO ] [OMSSimServer:45] - Requests from MTR : null
[2016-12-21 10:25:32,066] [main] [INFO ] [OMSSimServer:45] - Requests from MTR : null
[2016-12-21 10:25:35,120] [main] [INFO ] [OMSSimServer:45] - Requests from MTR : null
[2016-12-21 10:25:38,138] [main] [INFO ] [OMSSimServer:45] - Requests from MTR : null
[2016-12-21 10:25:41,154] [main] [INFO ] [OMSSimServer:45] - Requests from MTR : null
[2016-12-21 10:25:44,172] [main] [INFO ] [OMSSimServer:45] - Requests from MTR : null
[2016-12-21 10:25:46,699] [main] [INFO ] [OMSSimServer:45] - Requests from MTR : 35=X;9998=21122016220097;8000=HSBCNET24;8001=202CB962AC59075B964B07152D234B70;8002=MUB;8102=E;8010=10.219.8.40;
[2016-12-21 10:25:46,702] [main] [INFO ] [UserAuthentication:296] - User Authentication request parsing Successful
[2016-12-21 10:25:47,044] [main] [INFO ] [UserAuthentication:363] - User Authentication output to MTR : 35=X;9998=21122016220097;8005=1;8006=;8000=HSBCNET24;1=0600054124;9992=0112541125421;8007=21122016-10:25:46;8008=HSBCNET24;8002=MUB;8103=N;8102=E;8104=0590102532;8105=1;8006=3;
[2016-12-21 10:25:47,044] [main] [INFO ] [MsgTypeSelector:45] - Response sent to queue: OMS_AUTH_RSPON
[2016-12-21 10:25:50,378] [main] [INFO ] [OMSSimServer:45] - Requests from MTR : null
[2016-12-21 10:25:53,383] [main] [INFO ] [OMSSimServer:45] - Requests from MTR : null
[2016-12-21 10:25:56,425] [main] [INFO ] [OMSSimServer:45] - Requests from MTR : null
[2016-12-21 10:25:59,599] [main] [INFO ] [OMSSimServer:45] - Requests from MTR : null
[2016-12-21 10:26:02,623] [main] [INFO ] [OMSSimServer:45] - Requests from MTR : null
[2016-12-21 10:26:05,627] [main] [INFO ] [OMSSimServer:45] - Requests from MTR : null
[2016-12-21 10:26:07,630] [main] [INFO ] [OMSSimServer:45] - Requests from MTR : 9999=P;9998=21122016220098;9975=HSBCNET24;1=0600054124;8002=MUB;
[2016-12-21 10:26:07,630] [main] [INFO ] [PortfolioGenerator:194] - Portfolio request parsing Successful
[2016-12-21 10:26:07,646] [main] [INFO ] [PortfolioGenerator:234] - Portfolio query : SELECT SYMBOL,HOLDINGS,AVGCOST,PLEDGE,MARKETPRICE FROM PORTFOLIOS WHERE UserID = 'HSBCNET24'
[2016-12-21 10:26:07,693] [main] [INFO ] [PortfolioGenerator:261] - Portfolio output to MTR : 9999=P;9998=21122016220098;1=0600054124;9970=150;55=1010;9997=1250;9996=12.5;9995=0;44=13.45;
55=1020;9997=2100;9996=14.75;9995=0;44=15.05;

[2016-12-21 10:26:07,693] [main] [INFO ] [MsgTypeSelector:70] - Response sent to queue: INQUIRY_RSPON
[2016-12-21 10:26:10,749] [main] [INFO ] [OMSSimServer:45] - Requests from MTR : null
[2016-12-21 10:26:13,752] [main] [INFO ] [OMSSimServer:45] - Requests from MTR : null
[2016-12-21 10:26:16,770] [main] [INFO ] [OMSSimServer:45] - Requests from MTR : null
[2016-12-21 10:26:18,773] [main] [INFO ] [OMSSimServer:45] - Requests from MTR : 9999=B;9998=21122016220099;9975=HSBCNET24;1=0600054124;8002=MUB;
[2016-12-21 10:26:18,789] [main] [INFO ] [BuyingPowerGen:235] - Buying Power request parsing Successful
[2016-12-21 10:26:18,789] [main] [INFO ] [BuyingPowerGen:269] - Buying Power output to MTR : 9999=B;9998=21122016220099;1=0600054124;9992=0112541125421;9991=SCA;9990=200000.0;9989=145211.02;9988=0.0;9987=25.0;9986=163763.921;9985=36236.079;8002=MUB;
[2016-12-21 10:26:18,789] [main] [INFO ] [MsgTypeSelector:77] - Response sent to queue: FIX_RSPON
[2016-12-21 10:26:21,863] [main] [INFO ] [OMSSimServer:45] - Requests from MTR : null
[2016-12-21 10:26:23,866] [main] [INFO ] [OMSSimServer:45] - Requests from MTR : 9999=L;9998=21122016220100;9975=HSBCNET24;1=0600054124;8002=MUB;
[2016-12-21 10:26:23,866] [main] [INFO ] [OrderListGenerator:271] - Order List request parsing Successful
[2016-12-21 10:26:23,881] [main] [INFO ] [OrderListGenerator:284] - Order List query : SELECT SAMAORDID,LETSORDSTATUS,LETSORDNO,MUBASHERORDNO,SYMBOL,ORDTYPE,ORDQTY,LEAVESQTY,CUMQTY,PRICE,TIF,EXPIRYDATE,SIDE,ORDVALUE,COMMISSION,MINQTY,MAXFLOOR,ORDCREATEDDATE FROM ORDER_SUMMARY WHERE UserID = 'HSBCNET24'
[2016-12-21 10:26:23,881] [main] [INFO ] [OrderListGenerator:315] - Order List output to MTR : 9999=L;9998=21122016220100;1=0600054124;9970=150;9961=Q;9960=1;37=1;9971=207;9974=1;9962=15122016219844;55=1020;40=2;38=125;151=125;14=0;44=12.50;50=0;126=20161212;9959=2;9977=1562.50;9965=12.00;110=0;111=0;9964=20161206102410;
9960=2;37=2;9971=203;9974=2;9962=15122016219844;55=4300;40=50;38=122;151=0;14=0;44=4.3;50=0;126=20161215;9959=2;9977=524.6;9965=81.313;110=0;111=0;9964=20161206102410;
9960=3;37=3;9971=203;9974=3;9962=15122016219844;55=1050;40=49;38=510;151=0;14=0;44=0.0;50=4;126=null;9959=2;9977=0.0;9965=0.0;110=0;111=0;9964=20161206102410;
9960=4;37=4;9971=203;9974=4;9962=18122016219888;55=1040;40=50;38=100;151=0;14=0;44=9.0;50=0;126=20161218;9959=2;9977=900.0;9965=139.5;110=0;111=0;9964=2016-12-18T12:48:02.729;
9960=5;37=5;9971=203;9974=5;9962=18122016219898;55=1020;40=2;38=152;151=0;14=0;44=11.0;50=0;126=20161218;9959=2;9977=1672.0;9965=2.5916;110=0;111=0;9964=2016-12-18T13:06:21.951;
9960=6;37=6;9971=203;9974=6;9962=18122016219931;55=1090;40=2;38=130;151=0;14=0;44=16.0;50=0;126=20161218;9959=2;9977=2080.0;9965=3.2239999999999998;110=0;111=0;9964=2016-12-18T14:23:48.655;
9960=7;37=7;9971=203;9974=7;9962=18122016219942;55=2140;40=2;38=155;151=0;14=0;44=9.5;50=0;126=20161218;9959=2;9977=1472.5;9965=2.282375;110=0;111=0;9964=2016-12-18T17:12:50.605;
9960=8;37=8;9971=203;9974=8;9962=18122016219949;55=2140;40=2;38=240;151=0;14=0;44=9.5;50=0;126=20161218;9959=2;9977=2280.0;9965=3.534;110=0;111=0;9964=2016-12-18T17:16:03.161;
9960=9;37=9;9971=203;9974=9;9962=18122016219953;55=1180;40=2;38=150;151=0;14=0;44=33.0;50=0;126=20161218;9959=2;9977=4950.0;9965=7.672499999999999;110=0;111=0;9964=20161218171901;
9960=10;37=10;9971=203;9974=10;9962=19122016220089;55=4200;40=2;38=120;151=0;14=0;44=17.0;50=0;126=20161219;9959=2;9977=2040.0;9965=3.162;110=0;111=0;9964=20161220140203;
9960=11;37=11;9971=203;9974=11;9962=19122016220089;55=5200;40=2;38=120;151=0;14=0;44=17.0;50=0;126=20161219;9959=2;9977=2040.0;9965=3.162;110=0;111=0;9964=20161220140215;
9960=12;37=12;9971=203;9974=12;9962=19122016220089;55=5110;40=2;38=120;151=0;14=0;44=17.0;50=0;126=20161219;9959=2;9977=2040.0;9965=3.162;110=0;111=0;9964=20161220144029;
9960=13;37=13;9971=203;9974=13;9962=19122016220089;55=5110;40=2;38=120;151=0;14=0;44=17.0;50=0;126=20161219;9959=2;9977=2040.0;9965=3.162;110=0;111=0;9964=20161220145256;
9960=14;37=14;9971=203;9974=14;9962=19122016220089;55=5110;40=2;38=120;151=0;14=0;44=17.0;50=0;126=20161219;9959=2;9977=2040.0;9965=3.162;110=0;111=0;9964=20161220145609;
9960=15;37=15;9971=203;9974=15;9962=19122016220089;55=5110;40=2;38=120;151=0;14=0;44=17.0;50=0;126=20161219;9959=2;9977=2040.0;9965=3.162;110=0;111=0;9964=20161220145756;
9960=16;37=16;9971=203;9974=16;9962=19122016220089;55=5110;40=2;38=120;151=0;14=0;44=17.0;50=0;126=20161219;9959=2;9977=2040.0;9965=3.162;110=0;111=0;9964=20161220145856;
9960=17;37=17;9971=203;9974=17;9962=19122016220089;55=5110;40=2;38=120;151=0;14=0;44=17.0;50=0;126=20161219;9959=2;9977=2040.0;9965=3.162;110=0;111=0;9964=20161220150216;
9960=18;37=18;9971=203;9974=18;9962=19122016220089;55=5110;40=2;38=120;151=0;14=0;44=17.0;50=0;126=20161219;9959=2;9977=2040.0;9965=3.162;110=0;111=0;9964=20161220150353;
9960=19;37=19;9971=203;9974=19;9962=19122016220093;55=5110;40=2;38=130;151=0;14=0;44=18.0;50=0;126=20161219;9959=2;9977=2340.0;9965=3.627;110=0;111=0;9964=20161220151533;
9960=20;37=20;9971=203;9974=20;9962=19122016220093;55=5110;40=2;38=130;151=0;14=0;44=18.0;50=0;126=20161219;9959=2;9977=2340.0;9965=3.627;110=0;111=0;9964=20161220152028;
9960=21;37=21;9971=203;9974=21;9962=19122016220093;55=5110;40=2;38=130;151=0;14=0;44=18.0;50=0;126=20161219;9959=2;9977=2340.0;9965=3.627;110=0;111=0;9964=20161220152155;
9960=22;37=22;9971=203;9974=22;9962=19122016220093;55=5110;40=2;38=130;151=0;14=0;44=18.0;50=0;126=20161219;9959=2;9977=2340.0;9965=3.627;110=0;111=0;9964=20161220152621;
9960=23;37=23;9971=203;9974=23;9962=19122016220093;55=5110;40=2;38=130;151=0;14=0;44=18.0;50=0;126=20161219;9959=2;9977=2340.0;9965=3.627;110=0;111=0;9964=20161220152653;
9960=24;37=24;9971=203;9974=24;9962=19122016220089;55=5110;40=2;38=120;151=0;14=0;44=17.0;50=0;126=20161219;9959=2;9977=2040.0;9965=3.162;110=0;111=0;9964=20161220154447;
9960=25;37=25;9971=203;9974=25;9962=19122016220089;55=5200;40=2;38=120;151=0;14=0;44=17.0;50=0;126=20161219;9959=2;9977=2040.0;9965=3.162;110=0;111=0;9964=20161220155023;
9960=26;37=26;9971=203;9974=26;9962=19122016220089;55=4200;40=2;38=120;151=0;14=0;44=17.0;50=0;126=20161219;9959=2;9977=2040.0;9965=3.162;110=0;111=0;9964=20161220155258;

[2016-12-21 10:26:23,881] [main] [INFO ] [MsgTypeSelector:84] - Response sent to queue: INQUIRY_RSPON
[2016-12-21 10:26:26,945] [main] [INFO ] [OMSSimServer:45] - Requests from MTR : null
[2016-12-21 10:26:29,947] [main] [INFO ] [OMSSimServer:45] - Requests from MTR : null
[2016-12-21 10:26:32,969] [main] [INFO ] [OMSSimServer:45] - Requests from MTR : null
[2016-12-21 10:26:35,973] [main] [INFO ] [OMSSimServer:45] - Requests from MTR : null
[2016-12-21 10:26:38,992] [main] [INFO ] [OMSSimServer:45] - Requests from MTR : null
[2016-12-21 10:26:41,998] [main] [INFO ] [OMSSimServer:45] - Requests from MTR : null
[2016-12-21 10:26:45,033] [main] [INFO ] [OMSSimServer:45] - Requests from MTR : null
[2016-12-21 10:26:48,065] [main] [INFO ] [OMSSimServer:45] - Requests from MTR : null
[2016-12-21 10:26:50,084] [main] [INFO ] [OMSSimServer:45] - Requests from MTR : 9999=P;9998=21122016220101;9975=HSBCNET24;1=0600054124;8002=MUB;
[2016-12-21 10:26:50,084] [main] [INFO ] [PortfolioGenerator:194] - Portfolio request parsing Successful
[2016-12-21 10:26:50,084] [main] [INFO ] [PortfolioGenerator:234] - Portfolio query : SELECT SYMBOL,HOLDINGS,AVGCOST,PLEDGE,MARKETPRICE FROM PORTFOLIOS WHERE UserID = 'HSBCNET24'
[2016-12-21 10:26:50,084] [main] [INFO ] [PortfolioGenerator:261] - Portfolio output to MTR : 9999=P;9998=21122016220101;1=0600054124;9970=150;55=1010;9997=1250;9996=12.5;9995=0;44=13.45;
55=1020;9997=2100;9996=14.75;9995=0;44=15.05;

[2016-12-21 10:26:50,084] [main] [INFO ] [MsgTypeSelector:70] - Response sent to queue: INQUIRY_RSPON
[2016-12-21 10:26:52,819] [main] [INFO ] [OMSSimServer:45] - Requests from MTR : 9999=B;9998=21122016220102;9975=HSBCNET24;1=0600054124;8002=MUB;
[2016-12-21 10:26:52,819] [main] [INFO ] [BuyingPowerGen:235] - Buying Power request parsing Successful
[2016-12-21 10:26:52,835] [main] [INFO ] [BuyingPowerGen:269] - Buying Power output to MTR : 9999=B;9998=21122016220102;1=0600054124;9992=0112541125421;9991=SCA;9990=200000.0;9989=145211.02;9988=0.0;9987=25.0;9986=163763.921;9985=36236.079;8002=MUB;
[2016-12-21 10:26:52,835] [main] [INFO ] [MsgTypeSelector:77] - Response sent to queue: FIX_RSPON
[2016-12-21 10:26:55,871] [main] [INFO ] [OMSSimServer:45] - Requests from MTR : null
[2016-12-21 10:26:57,875] [main] [INFO ] [OMSSimServer:45] - Requests from MTR : 9999=L;9998=21122016220103;9975=HSBCNET24;1=0600054124;8002=MUB;
[2016-12-21 10:26:57,875] [main] [INFO ] [OrderListGenerator:271] - Order List request parsing Successful
[2016-12-21 10:26:57,892] [main] [INFO ] [OrderListGenerator:284] - Order List query : SELECT SAMAORDID,LETSORDSTATUS,LETSORDNO,MUBASHERORDNO,SYMBOL,ORDTYPE,ORDQTY,LEAVESQTY,CUMQTY,PRICE,TIF,EXPIRYDATE,SIDE,ORDVALUE,COMMISSION,MINQTY,MAXFLOOR,ORDCREATEDDATE FROM ORDER_SUMMARY WHERE UserID = 'HSBCNET24'
[2016-12-21 10:26:57,897] [main] [INFO ] [OrderListGenerator:315] - Order List output to MTR : 9999=L;9998=21122016220103;1=0600054124;9970=150;9961=Q;9960=1;37=1;9971=207;9974=1;9962=15122016219844;55=1020;40=2;38=125;151=125;14=0;44=12.50;50=0;126=20161212;9959=2;9977=1562.50;9965=12.00;110=0;111=0;9964=20161206102410;
9960=2;37=2;9971=203;9974=2;9962=15122016219844;55=4300;40=50;38=122;151=0;14=0;44=4.3;50=0;126=20161215;9959=2;9977=524.6;9965=81.313;110=0;111=0;9964=20161206102410;
9960=3;37=3;9971=203;9974=3;9962=15122016219844;55=1050;40=49;38=510;151=0;14=0;44=0.0;50=4;126=null;9959=2;9977=0.0;9965=0.0;110=0;111=0;9964=20161206102410;
9960=4;37=4;9971=203;9974=4;9962=18122016219888;55=1040;40=50;38=100;151=0;14=0;44=9.0;50=0;126=20161218;9959=2;9977=900.0;9965=139.5;110=0;111=0;9964=2016-12-18T12:48:02.729;
9960=5;37=5;9971=203;9974=5;9962=18122016219898;55=1020;40=2;38=152;151=0;14=0;44=11.0;50=0;126=20161218;9959=2;9977=1672.0;9965=2.5916;110=0;111=0;9964=2016-12-18T13:06:21.951;
9960=6;37=6;9971=203;9974=6;9962=18122016219931;55=1090;40=2;38=130;151=0;14=0;44=16.0;50=0;126=20161218;9959=2;9977=2080.0;9965=3.2239999999999998;110=0;111=0;9964=2016-12-18T14:23:48.655;
9960=7;37=7;9971=203;9974=7;9962=18122016219942;55=2140;40=2;38=155;151=0;14=0;44=9.5;50=0;126=20161218;9959=2;9977=1472.5;9965=2.282375;110=0;111=0;9964=2016-12-18T17:12:50.605;
9960=8;37=8;9971=203;9974=8;9962=18122016219949;55=2140;40=2;38=240;151=0;14=0;44=9.5;50=0;126=20161218;9959=2;9977=2280.0;9965=3.534;110=0;111=0;9964=2016-12-18T17:16:03.161;
9960=9;37=9;9971=203;9974=9;9962=18122016219953;55=1180;40=2;38=150;151=0;14=0;44=33.0;50=0;126=20161218;9959=2;9977=4950.0;9965=7.672499999999999;110=0;111=0;9964=20161218171901;
9960=10;37=10;9971=203;9974=10;9962=19122016220089;55=4200;40=2;38=120;151=0;14=0;44=17.0;50=0;126=20161219;9959=2;9977=2040.0;9965=3.162;110=0;111=0;9964=20161220140203;
9960=11;37=11;9971=203;9974=11;9962=19122016220089;55=5200;40=2;38=120;151=0;14=0;44=17.0;50=0;126=20161219;9959=2;9977=2040.0;9965=3.162;110=0;111=0;9964=20161220140215;
9960=12;37=12;9971=203;9974=12;9962=19122016220089;55=5110;40=2;38=120;151=0;14=0;44=17.0;50=0;126=20161219;9959=2;9977=2040.0;9965=3.162;110=0;111=0;9964=20161220144029;
9960=13;37=13;9971=203;9974=13;9962=19122016220089;55=5110;40=2;38=120;151=0;14=0;44=17.0;50=0;126=20161219;9959=2;9977=2040.0;9965=3.162;110=0;111=0;9964=20161220145256;
9960=14;37=14;9971=203;9974=14;9962=19122016220089;55=5110;40=2;38=120;151=0;14=0;44=17.0;50=0;126=20161219;9959=2;9977=2040.0;9965=3.162;110=0;111=0;9964=20161220145609;
9960=15;37=15;9971=203;9974=15;9962=19122016220089;55=5110;40=2;38=120;151=0;14=0;44=17.0;50=0;126=20161219;9959=2;9977=2040.0;9965=3.162;110=0;111=0;9964=20161220145756;
9960=16;37=16;9971=203;9974=16;9962=19122016220089;55=5110;40=2;38=120;151=0;14=0;44=17.0;50=0;126=20161219;9959=2;9977=2040.0;9965=3.162;110=0;111=0;9964=20161220145856;
9960=17;37=17;9971=203;9974=17;9962=19122016220089;55=5110;40=2;38=120;151=0;14=0;44=17.0;50=0;126=20161219;9959=2;9977=2040.0;9965=3.162;110=0;111=0;9964=20161220150216;
9960=18;37=18;9971=203;9974=18;9962=19122016220089;55=5110;40=2;38=120;151=0;14=0;44=17.0;50=0;126=20161219;9959=2;9977=2040.0;9965=3.162;110=0;111=0;9964=20161220150353;
9960=19;37=19;9971=203;9974=19;9962=19122016220093;55=5110;40=2;38=130;151=0;14=0;44=18.0;50=0;126=20161219;9959=2;9977=2340.0;9965=3.627;110=0;111=0;9964=20161220151533;
9960=20;37=20;9971=203;9974=20;9962=19122016220093;55=5110;40=2;38=130;151=0;14=0;44=18.0;50=0;126=20161219;9959=2;9977=2340.0;9965=3.627;110=0;111=0;9964=20161220152028;
9960=21;37=21;9971=203;9974=21;9962=19122016220093;55=5110;40=2;38=130;151=0;14=0;44=18.0;50=0;126=20161219;9959=2;9977=2340.0;9965=3.627;110=0;111=0;9964=20161220152155;
9960=22;37=22;9971=203;9974=22;9962=19122016220093;55=5110;40=2;38=130;151=0;14=0;44=18.0;50=0;126=20161219;9959=2;9977=2340.0;9965=3.627;110=0;111=0;9964=20161220152621;
9960=23;37=23;9971=203;9974=23;9962=19122016220093;55=5110;40=2;38=130;151=0;14=0;44=18.0;50=0;126=20161219;9959=2;9977=2340.0;9965=3.627;110=0;111=0;9964=20161220152653;
9960=24;37=24;9971=203;9974=24;9962=19122016220089;55=5110;40=2;38=120;151=0;14=0;44=17.0;50=0;126=20161219;9959=2;9977=2040.0;9965=3.162;110=0;111=0;9964=20161220154447;
9960=25;37=25;9971=203;9974=25;9962=19122016220089;55=5200;40=2;38=120;151=0;14=0;44=17.0;50=0;126=20161219;9959=2;9977=2040.0;9965=3.162;110=0;111=0;9964=20161220155023;
9960=26;37=26;9971=203;9974=26;9962=19122016220089;55=4200;40=2;38=120;151=0;14=0;44=17.0;50=0;126=20161219;9959=2;9977=2040.0;9965=3.162;110=0;111=0;9964=20161220155258;

[2016-12-21 10:26:57,897] [main] [INFO ] [MsgTypeSelector:84] - Response sent to queue: INQUIRY_RSPON
[2016-12-21 10:27:00,928] [main] [INFO ] [OMSSimServer:45] - Requests from MTR : null
[2016-12-21 10:27:03,932] [main] [INFO ] [OMSSimServer:45] - Requests from MTR : null
[2016-12-21 10:27:06,950] [main] [INFO ] [OMSSimServer:45] - Requests from MTR : null
[2016-12-21 10:27:09,001] [main] [INFO ] [OMSSimServer:45] - Requests from MTR : 9999=B;9998=21122016220104;9975=HSBCNET24;1=0600054124;8002=MUB;
[2016-12-21 10:27:09,001] [main] [INFO ] [BuyingPowerGen:235] - Buying Power request parsing Successful
[2016-12-21 10:27:09,001] [main] [INFO ] [BuyingPowerGen:269] - Buying Power output to MTR : 9999=B;9998=21122016220104;1=0600054124;9992=0112541125421;9991=SCA;9990=200000.0;9989=145211.02;9988=0.0;9987=25.0;9986=163763.921;9985=36236.079;8002=MUB;
[2016-12-21 10:27:09,001] [main] [INFO ] [MsgTypeSelector:77] - Response sent to queue: FIX_RSPON
[2016-12-21 10:27:12,043] [main] [INFO ] [OMSSimServer:45] - Requests from MTR : null
[2016-12-21 10:27:14,124] [main] [INFO ] [OMSSimServer:45] - Requests from MTR : 9999=P;9998=21122016220105;9975=HSBCNET24;1=0600054124;8002=MUB;
[2016-12-21 10:27:14,124] [main] [INFO ] [PortfolioGenerator:194] - Portfolio request parsing Successful
[2016-12-21 10:27:14,125] [main] [INFO ] [PortfolioGenerator:234] - Portfolio query : SELECT SYMBOL,HOLDINGS,AVGCOST,PLEDGE,MARKETPRICE FROM PORTFOLIOS WHERE UserID = 'HSBCNET24'
[2016-12-21 10:27:14,126] [main] [INFO ] [PortfolioGenerator:261] - Portfolio output to MTR : 9999=P;9998=21122016220105;1=0600054124;9970=150;55=1010;9997=1250;9996=12.5;9995=0;44=13.45;
55=1020;9997=2100;9996=14.75;9995=0;44=15.05;

[2016-12-21 10:27:14,126] [main] [INFO ] [MsgTypeSelector:70] - Response sent to queue: INQUIRY_RSPON
[2016-12-21 10:27:17,165] [main] [INFO ] [OMSSimServer:45] - Requests from MTR : null
[2016-12-21 10:27:20,169] [main] [INFO ] [OMSSimServer:45] - Requests from MTR : null
[2016-12-21 10:27:22,171] [main] [INFO ] [OMSSimServer:45] - Requests from MTR : 9999=L;9998=21122016220106;9975=HSBCNET24;1=0600054124;8002=MUB;
[2016-12-21 10:27:22,171] [main] [INFO ] [OrderListGenerator:271] - Order List request parsing Successful
[2016-12-21 10:27:22,186] [main] [INFO ] [OrderListGenerator:284] - Order List query : SELECT SAMAORDID,LETSORDSTATUS,LETSORDNO,MUBASHERORDNO,SYMBOL,ORDTYPE,ORDQTY,LEAVESQTY,CUMQTY,PRICE,TIF,EXPIRYDATE,SIDE,ORDVALUE,COMMISSION,MINQTY,MAXFLOOR,ORDCREATEDDATE FROM ORDER_SUMMARY WHERE UserID = 'HSBCNET24'
[2016-12-21 10:27:22,186] [main] [INFO ] [OrderListGenerator:315] - Order List output to MTR : 9999=L;9998=21122016220106;1=0600054124;9970=150;9961=Q;9960=1;37=1;9971=207;9974=1;9962=15122016219844;55=1020;40=2;38=125;151=125;14=0;44=12.50;50=0;126=20161212;9959=2;9977=1562.50;9965=12.00;110=0;111=0;9964=20161206102410;
9960=2;37=2;9971=203;9974=2;9962=15122016219844;55=4300;40=50;38=122;151=0;14=0;44=4.3;50=0;126=20161215;9959=2;9977=524.6;9965=81.313;110=0;111=0;9964=20161206102410;
9960=3;37=3;9971=203;9974=3;9962=15122016219844;55=1050;40=49;38=510;151=0;14=0;44=0.0;50=4;126=null;9959=2;9977=0.0;9965=0.0;110=0;111=0;9964=20161206102410;
9960=4;37=4;9971=203;9974=4;9962=18122016219888;55=1040;40=50;38=100;151=0;14=0;44=9.0;50=0;126=20161218;9959=2;9977=900.0;9965=139.5;110=0;111=0;9964=2016-12-18T12:48:02.729;
9960=5;37=5;9971=203;9974=5;9962=18122016219898;55=1020;40=2;38=152;151=0;14=0;44=11.0;50=0;126=20161218;9959=2;9977=1672.0;9965=2.5916;110=0;111=0;9964=2016-12-18T13:06:21.951;
9960=6;37=6;9971=203;9974=6;9962=18122016219931;55=1090;40=2;38=130;151=0;14=0;44=16.0;50=0;126=20161218;9959=2;9977=2080.0;9965=3.2239999999999998;110=0;111=0;9964=2016-12-18T14:23:48.655;
9960=7;37=7;9971=203;9974=7;9962=18122016219942;55=2140;40=2;38=155;151=0;14=0;44=9.5;50=0;126=20161218;9959=2;9977=1472.5;9965=2.282375;110=0;111=0;9964=2016-12-18T17:12:50.605;
9960=8;37=8;9971=203;9974=8;9962=18122016219949;55=2140;40=2;38=240;151=0;14=0;44=9.5;50=0;126=20161218;9959=2;9977=2280.0;9965=3.534;110=0;111=0;9964=2016-12-18T17:16:03.161;
9960=9;37=9;9971=203;9974=9;9962=18122016219953;55=1180;40=2;38=150;151=0;14=0;44=33.0;50=0;126=20161218;9959=2;9977=4950.0;9965=7.672499999999999;110=0;111=0;9964=20161218171901;
9960=10;37=10;9971=203;9974=10;9962=19122016220089;55=4200;40=2;38=120;151=0;14=0;44=17.0;50=0;126=20161219;9959=2;9977=2040.0;9965=3.162;110=0;111=0;9964=20161220140203;
9960=11;37=11;9971=203;9974=11;9962=19122016220089;55=5200;40=2;38=120;151=0;14=0;44=17.0;50=0;126=20161219;9959=2;9977=2040.0;9965=3.162;110=0;111=0;9964=20161220140215;
9960=12;37=12;9971=203;9974=12;9962=19122016220089;55=5110;40=2;38=120;151=0;14=0;44=17.0;50=0;126=20161219;9959=2;9977=2040.0;9965=3.162;110=0;111=0;9964=20161220144029;
9960=13;37=13;9971=203;9974=13;9962=19122016220089;55=5110;40=2;38=120;151=0;14=0;44=17.0;50=0;126=20161219;9959=2;9977=2040.0;9965=3.162;110=0;111=0;9964=20161220145256;
9960=14;37=14;9971=203;9974=14;9962=19122016220089;55=5110;40=2;38=120;151=0;14=0;44=17.0;50=0;126=20161219;9959=2;9977=2040.0;9965=3.162;110=0;111=0;9964=20161220145609;
9960=15;37=15;9971=203;9974=15;9962=19122016220089;55=5110;40=2;38=120;151=0;14=0;44=17.0;50=0;126=20161219;9959=2;9977=2040.0;9965=3.162;110=0;111=0;9964=20161220145756;
9960=16;37=16;9971=203;9974=16;9962=19122016220089;55=5110;40=2;38=120;151=0;14=0;44=17.0;50=0;126=20161219;9959=2;9977=2040.0;9965=3.162;110=0;111=0;9964=20161220145856;
9960=17;37=17;9971=203;9974=17;9962=19122016220089;55=5110;40=2;38=120;151=0;14=0;44=17.0;50=0;126=20161219;9959=2;9977=2040.0;9965=3.162;110=0;111=0;9964=20161220150216;
9960=18;37=18;9971=203;9974=18;9962=19122016220089;55=5110;40=2;38=120;151=0;14=0;44=17.0;50=0;126=20161219;9959=2;9977=2040.0;9965=3.162;110=0;111=0;9964=20161220150353;
9960=19;37=19;9971=203;9974=19;9962=19122016220093;55=5110;40=2;38=130;151=0;14=0;44=18.0;50=0;126=20161219;9959=2;9977=2340.0;9965=3.627;110=0;111=0;9964=20161220151533;
9960=20;37=20;9971=203;9974=20;9962=19122016220093;55=5110;40=2;38=130;151=0;14=0;44=18.0;50=0;126=20161219;9959=2;9977=2340.0;9965=3.627;110=0;111=0;9964=20161220152028;
9960=21;37=21;9971=203;9974=21;9962=19122016220093;55=5110;40=2;38=130;151=0;14=0;44=18.0;50=0;126=20161219;9959=2;9977=2340.0;9965=3.627;110=0;111=0;9964=20161220152155;
9960=22;37=22;9971=203;9974=22;9962=19122016220093;55=5110;40=2;38=130;151=0;14=0;44=18.0;50=0;126=20161219;9959=2;9977=2340.0;9965=3.627;110=0;111=0;9964=20161220152621;
9960=23;37=23;9971=203;9974=23;9962=19122016220093;55=5110;40=2;38=130;151=0;14=0;44=18.0;50=0;126=20161219;9959=2;9977=2340.0;9965=3.627;110=0;111=0;9964=20161220152653;
9960=24;37=24;9971=203;9974=24;9962=19122016220089;55=5110;40=2;38=120;151=0;14=0;44=17.0;50=0;126=20161219;9959=2;9977=2040.0;9965=3.162;110=0;111=0;9964=20161220154447;
9960=25;37=25;9971=203;9974=25;9962=19122016220089;55=5200;40=2;38=120;151=0;14=0;44=17.0;50=0;126=20161219;9959=2;9977=2040.0;9965=3.162;110=0;111=0;9964=20161220155023;
9960=26;37=26;9971=203;9974=26;9962=19122016220089;55=4200;40=2;38=120;151=0;14=0;44=17.0;50=0;126=20161219;9959=2;9977=2040.0;9965=3.162;110=0;111=0;9964=20161220155258;

[2016-12-21 10:27:22,186] [main] [INFO ] [MsgTypeSelector:84] - Response sent to queue: INQUIRY_RSPON
[2016-12-21 10:27:24,321] [main] [INFO ] [OMSSimServer:45] - Requests from MTR : 35=D;9998=21122016220107;9975=HSBCNET24;1=0600054124;55=1180;40=2;38=150;110=0;44=33.0;59=0;126=20161221;9959=2;111=0;9962=21122016220107;8002=MUB;9994=0;
[2016-12-21 10:27:24,321] [main] [INFO ] [NewOrders:237] - Starting to parse New Order Request
[2016-12-21 10:27:24,321] [main] [INFO ] [NewOrders:306] - New Order parsing Successful
[2016-12-21 10:27:24,406] [main] [INFO ] [NewOrders:342] - Query Executed to Update Order Summary:INSERT INTO ORDER_SUMMARY (USERID,PORTFOLIO,SAMAORDID,LETSORDSTATUS,LETSORDNO,MUBASHERORDNO,SYMBOL,ORDTYPE,ORDQTY,LEAVESQTY,CUMQTY,PRICE,TIF,EXPIRYDATE,SIDE,ORDVALUE,COMMISSION,MINQTY,MAXFLOOR,ORDCREATEDDATE) VALUES ('HSBCNET24','0600054124','27','203','27','21122016220107','1180','2','150','0','0','33.0','0','20161221','2','4950.0','7.672499999999999','0','0','20161221102724')
[2016-12-21 10:27:24,406] [main] [INFO ] [NewOrders:344] - Query Executed to Update Cash Account:UPDATE CASH_ACCOUNTS SET BUYINGPOWER=(BUYINGPOWER-4957.6725),BLOCKEDAMOUNT=BLOCKEDAMOUNT+4957.6725 WHERE PORTFOLIO = '0600054124'
[2016-12-21 10:27:24,406] [main] [INFO ] [NewOrders:368] - Output for MTR : 35=A;9998=21122016220107;1=0600054124;9974=27;9962=21122016220107;9964=20161221102724;9973=100;8002=MUB;
[2016-12-21 10:27:24,406] [main] [INFO ] [MsgTypeSelector:52] - Response sent to queue: FIX_RSPON
[2016-12-21 10:27:27,465] [main] [INFO ] [OMSSimServer:45] - Requests from MTR : null
[2016-12-21 10:27:30,483] [main] [INFO ] [OMSSimServer:45] - Requests from MTR : null
[2016-12-21 10:27:33,499] [main] [INFO ] [OMSSimServer:45] - Requests from MTR : null
[2016-12-21 10:27:36,511] [main] [INFO ] [OMSSimServer:45] - Requests from MTR : null
[2016-12-21 10:27:38,527] [main] [INFO ] [OMSSimServer:45] - Requests from MTR : 9999=P;9998=21122016220108;9975=HSBCNET24;1=0600054124;8002=MUB;
[2016-12-21 10:27:38,527] [main] [INFO ] [PortfolioGenerator:194] - Portfolio request parsing Successful
[2016-12-21 10:27:38,527] [main] [INFO ] [PortfolioGenerator:234] - Portfolio query : SELECT SYMBOL,HOLDINGS,AVGCOST,PLEDGE,MARKETPRICE FROM PORTFOLIOS WHERE UserID = 'HSBCNET24'
[2016-12-21 10:27:38,527] [main] [INFO ] [PortfolioGenerator:261] - Portfolio output to MTR : 9999=P;9998=21122016220108;1=0600054124;9970=150;55=1010;9997=1250;9996=12.5;9995=0;44=13.45;
55=1020;9997=2100;9996=14.75;9995=0;44=15.05;

[2016-12-21 10:27:38,527] [main] [INFO ] [MsgTypeSelector:70] - Response sent to queue: INQUIRY_RSPON
[2016-12-21 10:27:41,267] [main] [INFO ] [OMSSimServer:45] - Requests from MTR : 9999=B;9998=21122016220109;9975=HSBCNET24;1=0600054124;8002=MUB;
[2016-12-21 10:27:41,267] [main] [INFO ] [BuyingPowerGen:235] - Buying Power request parsing Successful
[2016-12-21 10:27:41,267] [main] [INFO ] [BuyingPowerGen:269] - Buying Power output to MTR : 9999=B;9998=21122016220109;1=0600054124;9992=0112541125421;9991=SCA;9990=200000.0;9989=145211.02;9988=0.0;9987=25.0;9986=158806.2485;9985=41193.7515;8002=MUB;
[2016-12-21 10:27:41,267] [main] [INFO ] [MsgTypeSelector:77] - Response sent to queue: FIX_RSPON
[2016-12-21 10:27:44,321] [main] [INFO ] [OMSSimServer:45] - Requests from MTR : null
[2016-12-21 10:27:46,339] [main] [INFO ] [OMSSimServer:45] - Requests from MTR : 9999=L;9998=21122016220110;9975=HSBCNET24;1=0600054124;8002=MUB;
[2016-12-21 10:27:46,339] [main] [INFO ] [OrderListGenerator:271] - Order List request parsing Successful
[2016-12-21 10:27:46,339] [main] [INFO ] [OrderListGenerator:284] - Order List query : SELECT SAMAORDID,LETSORDSTATUS,LETSORDNO,MUBASHERORDNO,SYMBOL,ORDTYPE,ORDQTY,LEAVESQTY,CUMQTY,PRICE,TIF,EXPIRYDATE,SIDE,ORDVALUE,COMMISSION,MINQTY,MAXFLOOR,ORDCREATEDDATE FROM ORDER_SUMMARY WHERE UserID = 'HSBCNET24'
[2016-12-21 10:27:46,339] [main] [INFO ] [OrderListGenerator:315] - Order List output to MTR : 9999=L;9998=21122016220110;1=0600054124;9970=150;9961=Q;9960=1;37=1;9971=207;9974=1;9962=15122016219844;55=1020;40=2;38=125;151=125;14=0;44=12.50;50=0;126=20161212;9959=2;9977=1562.50;9965=12.00;110=0;111=0;9964=20161206102410;
9960=2;37=2;9971=203;9974=2;9962=15122016219844;55=4300;40=50;38=122;151=0;14=0;44=4.3;50=0;126=20161215;9959=2;9977=524.6;9965=81.313;110=0;111=0;9964=20161206102410;
9960=3;37=3;9971=203;9974=3;9962=15122016219844;55=1050;40=49;38=510;151=0;14=0;44=0.0;50=4;126=null;9959=2;9977=0.0;9965=0.0;110=0;111=0;9964=20161206102410;
9960=4;37=4;9971=203;9974=4;9962=18122016219888;55=1040;40=50;38=100;151=0;14=0;44=9.0;50=0;126=20161218;9959=2;9977=900.0;9965=139.5;110=0;111=0;9964=2016-12-18T12:48:02.729;
9960=5;37=5;9971=203;9974=5;9962=18122016219898;55=1020;40=2;38=152;151=0;14=0;44=11.0;50=0;126=20161218;9959=2;9977=1672.0;9965=2.5916;110=0;111=0;9964=2016-12-18T13:06:21.951;
9960=6;37=6;9971=203;9974=6;9962=18122016219931;55=1090;40=2;38=130;151=0;14=0;44=16.0;50=0;126=20161218;9959=2;9977=2080.0;9965=3.2239999999999998;110=0;111=0;9964=2016-12-18T14:23:48.655;
9960=7;37=7;9971=203;9974=7;9962=18122016219942;55=2140;40=2;38=155;151=0;14=0;44=9.5;50=0;126=20161218;9959=2;9977=1472.5;9965=2.282375;110=0;111=0;9964=2016-12-18T17:12:50.605;
9960=8;37=8;9971=203;9974=8;9962=18122016219949;55=2140;40=2;38=240;151=0;14=0;44=9.5;50=0;126=20161218;9959=2;9977=2280.0;9965=3.534;110=0;111=0;9964=2016-12-18T17:16:03.161;
9960=9;37=9;9971=203;9974=9;9962=18122016219953;55=1180;40=2;38=150;151=0;14=0;44=33.0;50=0;126=20161218;9959=2;9977=4950.0;9965=7.672499999999999;110=0;111=0;9964=20161218171901;
9960=10;37=10;9971=203;9974=10;9962=19122016220089;55=4200;40=2;38=120;151=0;14=0;44=17.0;50=0;126=20161219;9959=2;9977=2040.0;9965=3.162;110=0;111=0;9964=20161220140203;
9960=11;37=11;9971=203;9974=11;9962=19122016220089;55=5200;40=2;38=120;151=0;14=0;44=17.0;50=0;126=20161219;9959=2;9977=2040.0;9965=3.162;110=0;111=0;9964=20161220140215;
9960=12;37=12;9971=203;9974=12;9962=19122016220089;55=5110;40=2;38=120;151=0;14=0;44=17.0;50=0;126=20161219;9959=2;9977=2040.0;9965=3.162;110=0;111=0;9964=20161220144029;
9960=13;37=13;9971=203;9974=13;9962=19122016220089;55=5110;40=2;38=120;151=0;14=0;44=17.0;50=0;126=20161219;9959=2;9977=2040.0;9965=3.162;110=0;111=0;9964=20161220145256;
9960=14;37=14;9971=203;9974=14;9962=19122016220089;55=5110;40=2;38=120;151=0;14=0;44=17.0;50=0;126=20161219;9959=2;9977=2040.0;9965=3.162;110=0;111=0;9964=20161220145609;
9960=15;37=15;9971=203;9974=15;9962=19122016220089;55=5110;40=2;38=120;151=0;14=0;44=17.0;50=0;126=20161219;9959=2;9977=2040.0;9965=3.162;110=0;111=0;9964=20161220145756;
9960=16;37=16;9971=203;9974=16;9962=19122016220089;55=5110;40=2;38=120;151=0;14=0;44=17.0;50=0;126=20161219;9959=2;9977=2040.0;9965=3.162;110=0;111=0;9964=20161220145856;
9960=17;37=17;9971=203;9974=17;9962=19122016220089;55=5110;40=2;38=120;151=0;14=0;44=17.0;50=0;126=20161219;9959=2;9977=2040.0;9965=3.162;110=0;111=0;9964=20161220150216;
9960=18;37=18;9971=203;9974=18;9962=19122016220089;55=5110;40=2;38=120;151=0;14=0;44=17.0;50=0;126=20161219;9959=2;9977=2040.0;9965=3.162;110=0;111=0;9964=20161220150353;
9960=19;37=19;9971=203;9974=19;9962=19122016220093;55=5110;40=2;38=130;151=0;14=0;44=18.0;50=0;126=20161219;9959=2;9977=2340.0;9965=3.627;110=0;111=0;9964=20161220151533;
9960=20;37=20;9971=203;9974=20;9962=19122016220093;55=5110;40=2;38=130;151=0;14=0;44=18.0;50=0;126=20161219;9959=2;9977=2340.0;9965=3.627;110=0;111=0;9964=20161220152028;
9960=21;37=21;9971=203;9974=21;9962=19122016220093;55=5110;40=2;38=130;151=0;14=0;44=18.0;50=0;126=20161219;9959=2;9977=2340.0;9965=3.627;110=0;111=0;9964=20161220152155;
9960=22;37=22;9971=203;9974=22;9962=19122016220093;55=5110;40=2;38=130;151=0;14=0;44=18.0;50=0;126=20161219;9959=2;9977=2340.0;9965=3.627;110=0;111=0;9964=20161220152621;
9960=23;37=23;9971=203;9974=23;9962=19122016220093;55=5110;40=2;38=130;151=0;14=0;44=18.0;50=0;126=20161219;9959=2;9977=2340.0;9965=3.627;110=0;111=0;9964=20161220152653;
9960=24;37=24;9971=203;9974=24;9962=19122016220089;55=5110;40=2;38=120;151=0;14=0;44=17.0;50=0;126=20161219;9959=2;9977=2040.0;9965=3.162;110=0;111=0;9964=20161220154447;
9960=25;37=25;9971=203;9974=25;9962=19122016220089;55=5200;40=2;38=120;151=0;14=0;44=17.0;50=0;126=20161219;9959=2;9977=2040.0;9965=3.162;110=0;111=0;9964=20161220155023;
9960=26;37=26;9971=203;9974=26;9962=19122016220089;55=4200;40=2;38=120;151=0;14=0;44=17.0;50=0;126=20161219;9959=2;9977=2040.0;9965=3.162;110=0;111=0;9964=20161220155258;
9960=27;37=27;9971=203;9974=27;9962=21122016220107;55=1180;40=2;38=150;151=0;14=0;44=33.0;50=0;126=20161221;9959=2;9977=4950.0;9965=7.672499999999999;110=0;111=0;9964=20161221102724;

[2016-12-21 10:27:46,339] [main] [INFO ] [MsgTypeSelector:84] - Response sent to queue: INQUIRY_RSPON
[2016-12-21 10:27:49,360] [main] [INFO ] [OMSSimServer:45] - Requests from MTR : null
[2016-12-21 10:27:52,403] [main] [INFO ] [OMSSimServer:45] - Requests from MTR : null
[2016-12-21 10:27:55,418] [main] [INFO ] [OMSSimServer:45] - Requests from MTR : null
[2016-12-21 10:27:58,445] [main] [INFO ] [OMSSimServer:45] - Requests from MTR : null
[2016-12-21 10:28:01,449] [main] [INFO ] [OMSSimServer:45] - Requests from MTR : null
[2016-12-21 10:28:04,470] [main] [INFO ] [OMSSimServer:45] - Requests from MTR : null
[2016-12-21 10:28:07,492] [main] [INFO ] [OMSSimServer:45] - Requests from MTR : null
[2016-12-21 10:28:10,493] [main] [INFO ] [OMSSimServer:45] - Requests from MTR : null
[2016-12-21 10:28:13,497] [main] [INFO ] [OMSSimServer:45] - Requests from MTR : null
[2016-12-21 10:28:16,537] [main] [INFO ] [OMSSimServer:45] - Requests from MTR : null
[2016-12-21 10:28:19,556] [main] [INFO ] [OMSSimServer:45] - Requests from MTR : null
[2016-12-21 10:28:22,560] [main] [INFO ] [OMSSimServer:45] - Requests from MTR : null
[2016-12-21 10:28:25,565] [main] [INFO ] [OMSSimServer:45] - Requests from MTR : null
[2016-12-21 10:28:28,585] [main] [INFO ] [OMSSimServer:45] - Requests from MTR : null
[2016-12-21 10:28:31,603] [main] [INFO ] [OMSSimServer:45] - Requests from MTR : null
[2016-12-21 10:28:34,669] [main] [INFO ] [OMSSimServer:45] - Requests from MTR : null
[2016-12-21 10:28:37,694] [main] [INFO ] [OMSSimServer:45] - Requests from MTR : null
[2016-12-21 10:28:40,829] [main] [INFO ] [OMSSimServer:45] - Requests from MTR : null
[2016-12-21 10:28:43,832] [main] [INFO ] [OMSSimServer:45] - Requests from MTR : null
[2016-12-21 10:28:46,834] [main] [INFO ] [OMSSimServer:45] - Requests from MTR : null
[2016-12-21 10:28:49,837] [main] [INFO ] [OMSSimServer:45] - Requests from MTR : null
[2016-12-21 10:28:52,880] [main] [INFO ] [OMSSimServer:45] - Requests from MTR : null
